<?xml version="1.0" encoding="UTF-8"?>
<!-- Generated by org.testng.reporters.JUnitXMLReporter -->
<testsuite ignored="0" hostname="BAKKA" failures="0" tests="4" name="Test" time="0.042" errors="0" timestamp="2021-05-16T23:46:26 IST">
  <testcase classname="Android_Testing_Maven.Maven_android.API_test" name="API" time="0.003"/>
  <testcase classname="Android_Testing_Maven.Maven_android.App" name="app" time="0.0"/>
  <testcase classname="Android_Testing_Maven.Maven_android.selenium" name="f" time="0.001"/>
  <testcase classname="Android_Testing_Maven.Maven_android.Android_testing" name="android" time="0.0"/>
</testsuite> <!-- Test -->
