<?xml version="1.0" encoding="UTF-8"?>
<testng-results ignored="0" total="1" passed="1" failed="0" skipped="0">
  <reporter-output>
  </reporter-output>
  <suite started-at="2021-05-17T07:34:47 IST" name="Default suite" finished-at="2021-05-17T07:34:47 IST" duration-ms="29">
    <groups>
    </groups>
    <test started-at="2021-05-17T07:34:47 IST" name="Default test" finished-at="2021-05-17T07:34:47 IST" duration-ms="29">
      <class name="Android_Testing_Maven.Maven_android.Android_testing">
        <test-method signature="android()[pri:0, instance:Android_Testing_Maven.Maven_android.Android_testing@f381794]" started-at="2021-05-17T07:34:47 IST" name="android" finished-at="2021-05-17T07:34:47 IST" duration-ms="5" status="PASS">
          <reporter-output>
          </reporter-output>
        </test-method> <!-- android -->
      </class> <!-- Android_Testing_Maven.Maven_android.Android_testing -->
    </test> <!-- Default test -->
  </suite> <!-- Default suite -->
</testng-results>
